Using pre-set license
Built from '2022.3/staging' branch; Version is '2022.3.10f1 (ff3792e53c62) revision 16725906'; Using compiler version '192829333'; Build Type 'Release'
OS: 'Windows 10  (10.0.19045) 64bit Core' Language: 'zh' Physical Memory: 16309 MB
BatchMode: 1, IsHumanControllingUs: 0, StartBugReporterOnCrash: 0, Is64bit: 1, IsPro: 1

COMMAND LINE ARGUMENTS:
D:\Unity\Hub\Editor\2022.3.10f1\Editor\Unity.exe
-adb2
-batchMode
-noUpm
-name
AssetImportWorker0
-projectPath
D:/Oblivion Fortress
-logFile
Logs/AssetImportWorker0.log
-srvPort
5768
Successfully changed project path to: D:/Oblivion Fortress
D:/Oblivion Fortress
[UnityMemory] Configuration Parameters - Can be set up in boot.config
    "memorysetup-bucket-allocator-granularity=16"
    "memorysetup-bucket-allocator-bucket-count=8"
    "memorysetup-bucket-allocator-block-size=33554432"
    "memorysetup-bucket-allocator-block-count=8"
    "memorysetup-main-allocator-block-size=16777216"
    "memorysetup-thread-allocator-block-size=16777216"
    "memorysetup-gfx-main-allocator-block-size=16777216"
    "memorysetup-gfx-thread-allocator-block-size=16777216"
    "memorysetup-cache-allocator-block-size=4194304"
    "memorysetup-typetree-allocator-block-size=2097152"
    "memorysetup-profiler-bucket-allocator-granularity=16"
    "memorysetup-profiler-bucket-allocator-bucket-count=8"
    "memorysetup-profiler-bucket-allocator-block-size=33554432"
    "memorysetup-profiler-bucket-allocator-block-count=8"
    "memorysetup-profiler-allocator-block-size=16777216"
    "memorysetup-profiler-editor-allocator-block-size=1048576"
    "memorysetup-temp-allocator-size-main=16777216"
    "memorysetup-job-temp-allocator-block-size=2097152"
    "memorysetup-job-temp-allocator-block-size-background=1048576"
    "memorysetup-job-temp-allocator-reduction-small-platforms=262144"
    "memorysetup-allocator-temp-initial-block-size-main=262144"
    "memorysetup-allocator-temp-initial-block-size-worker=262144"
    "memorysetup-temp-allocator-size-background-worker=32768"
    "memorysetup-temp-allocator-size-job-worker=262144"
    "memorysetup-temp-allocator-size-preload-manager=33554432"
    "memorysetup-temp-allocator-size-nav-mesh-worker=65536"
    "memorysetup-temp-allocator-size-audio-worker=65536"
    "memorysetup-temp-allocator-size-cloud-worker=32768"
    "memorysetup-temp-allocator-size-gi-baking-worker=262144"
    "memorysetup-temp-allocator-size-gfx=262144"
Player connection [19360] Host "[IP] 192.168.50.9 [Port] 0 [Flags] 2 [Guid] 1151979202 [EditorId] 1151979202 [Version] 1048832 [Id] WindowsEditor(7,firestar0128) [Debug] 1 [PackageName] WindowsEditor [ProjectName] Editor" joined multi-casting on [225.0.0.222:54997]...

Player connection [19360] Host "[IP] 192.168.50.9 [Port] 0 [Flags] 2 [Guid] 1151979202 [EditorId] 1151979202 [Version] 1048832 [Id] WindowsEditor(7,firestar0128) [Debug] 1 [PackageName] WindowsEditor [ProjectName] Editor" joined alternative multi-casting on [225.0.0.222:34997]...

[Physics::Module] Initialized MultithreadedJobDispatcher with 11 workers.
Refreshing native plugins compatible for Editor in 6.13 ms, found 4 plugins.
Preloading 0 native plugins for Editor in 0.00 ms.
Initialize engine version: 2022.3.10f1 (ff3792e53c62)
[Subsystems] Discovering subsystems at path D:/Unity/Hub/Editor/2022.3.10f1/Editor/Data/Resources/UnitySubsystems
[Subsystems] Discovering subsystems at path D:/Oblivion Fortress/Assets
GfxDevice: creating device client; threaded=0; jobified=0
Direct3D:
    Version:  Direct3D 11.0 [level 11.1]
    Renderer: Radeon RX 570 Series (ID=0x67df)
    Vendor:   ATI
    VRAM:     4074 MB
    Driver:   31.0.12027.9001
Initialize mono
Mono path[0] = 'D:/Unity/Hub/Editor/2022.3.10f1/Editor/Data/Managed'
Mono path[1] = 'D:/Unity/Hub/Editor/2022.3.10f1/Editor/Data/MonoBleedingEdge/lib/mono/unityjit-win32'
Mono config path = 'D:/Unity/Hub/Editor/2022.3.10f1/Editor/Data/MonoBleedingEdge/etc'
Using monoOptions --debugger-agent=transport=dt_socket,embedding=1,server=y,suspend=n,address=127.0.0.1:56076
Begin MonoManager ReloadAssembly
Registering precompiled unity dll's ...
Register platform support module: D:/Unity/Hub/Editor/2022.3.10f1/Editor/Data/PlaybackEngines/WindowsStandaloneSupport/UnityEditor.WindowsStandalone.Extensions.dll
Registered in 0.003709 seconds.
- Loaded All Assemblies, in  0.315 seconds
Native extension for WindowsStandalone target not found
Mono: successfully reloaded assembly
- Finished resetting the current domain, in  0.223 seconds
Domain Reload Profiling: 538ms
	BeginReloadAssembly (94ms)
		ExecutionOrderSort (0ms)
		DisableScriptedObjects (0ms)
		BackupInstance (0ms)
		ReleaseScriptingObjects (0ms)
		CreateAndSetChildDomain (1ms)
	RebuildCommonClasses (33ms)
	RebuildNativeTypeToScriptingClass (11ms)
	initialDomainReloadingComplete (43ms)
	LoadAllAssembliesAndSetupDomain (134ms)
		LoadAssemblies (93ms)
		RebuildTransferFunctionScriptingTraits (0ms)
		AnalyzeDomain (133ms)
			TypeCache.Refresh (132ms)
				TypeCache.ScanAssembly (121ms)
			ScanForSourceGeneratedMonoScriptInfo (0ms)
			ResolveRequiredComponents (0ms)
	FinalizeReload (223ms)
		ReleaseScriptCaches (0ms)
		RebuildScriptCaches (0ms)
		SetupLoadedEditorAssemblies (173ms)
			LogAssemblyErrors (0ms)
			InitializePlatformSupportModulesInManaged (7ms)
			SetLoadedEditorAssemblies (6ms)
			RefreshPlugins (0ms)
			BeforeProcessingInitializeOnLoad (2ms)
			ProcessInitializeOnLoadAttributes (118ms)
			ProcessInitializeOnLoadMethodAttributes (40ms)
			AfterProcessingInitializeOnLoad (0ms)
			EditorAssembliesLoaded (0ms)
		ExecutionOrderSort2 (0ms)
		AwakeInstancesAfterBackupRestoration (0ms)
========================================================================
Worker process is ready to serve import requests
Begin MonoManager ReloadAssembly
- Loaded All Assemblies, in  0.516 seconds
Refreshing native plugins compatible for Editor in 2.07 ms, found 4 plugins.
Native extension for WindowsStandalone target not found
Package Manager log level set to [2]
[Package Manager] Server::EnsureServerProcessIsRunning -- launch failed, reason: Unity was launched with the -noUpm command-line argument
[Package Manager] UpmClient::Send -- Unable to send message (not connected to UPM process).
[Package Manager] Cannot connect to Unity Package Manager local server
Mono: successfully reloaded assembly
- Finished resetting the current domain, in  0.513 seconds
Domain Reload Profiling: 1029ms
	BeginReloadAssembly (127ms)
		ExecutionOrderSort (0ms)
		DisableScriptedObjects (5ms)
		BackupInstance (0ms)
		ReleaseScriptingObjects (0ms)
		CreateAndSetChildDomain (20ms)
	RebuildCommonClasses (31ms)
	RebuildNativeTypeToScriptingClass (10ms)
	initialDomainReloadingComplete (32ms)
	LoadAllAssembliesAndSetupDomain (316ms)
		LoadAssemblies (240ms)
		RebuildTransferFunctionScriptingTraits (0ms)
		AnalyzeDomain (148ms)
			TypeCache.Refresh (125ms)
				TypeCache.ScanAssembly (112ms)
			ScanForSourceGeneratedMonoScriptInfo (18ms)
			ResolveRequiredComponents (4ms)
	FinalizeReload (514ms)
		ReleaseScriptCaches (0ms)
		RebuildScriptCaches (0ms)
		SetupLoadedEditorAssemblies (379ms)
			LogAssemblyErrors (0ms)
			InitializePlatformSupportModulesInManaged (4ms)
			SetLoadedEditorAssemblies (3ms)
			RefreshPlugins (0ms)
			BeforeProcessingInitializeOnLoad (59ms)
			ProcessInitializeOnLoadAttributes (277ms)
			ProcessInitializeOnLoadMethodAttributes (33ms)
			AfterProcessingInitializeOnLoad (3ms)
			EditorAssembliesLoaded (0ms)
		ExecutionOrderSort2 (0ms)
		AwakeInstancesAfterBackupRestoration (6ms)
Launched and connected shader compiler UnityShaderCompiler.exe after 0.04 seconds
Refreshing native plugins compatible for Editor in 2.15 ms, found 4 plugins.
Preloading 0 native plugins for Editor in 0.00 ms.
Unloading 4003 Unused Serialized files (Serialized files now loaded: 0)
Unloading 69 unused Assets / (244.5 KB). Loaded Objects now: 4459.
Memory consumption went from 136.4 MB to 136.2 MB.
Total: 3.493200 ms (FindLiveObjects: 0.362800 ms CreateObjectMapping: 0.108500 ms MarkObjects: 2.749100 ms  DeleteObjects: 0.271800 ms)

AssetImportParameters requested are different than current active one (requested -> active):
  custom:container-demuxer-ogg: 62fdf1f143b41e24485cea50d1cbac27 -> 
  custom:video-decoder-ogg-theora: a1e56fd34408186e4bbccfd4996cb3dc -> 
  custom:framework-win-MediaFoundation: 216162199b28c13a410421893ffa2e32 -> 
  custom:container-demuxer-webm: 4f35f7cbe854078d1ac9338744f61a02 -> 
  custom:container-muxer-webm: aa71ff27fc2769a1b78a27578f13a17b -> 
  custom:video-decoder-webm-vp8: 9c59270c3fd7afecdb556c50c9e8de78 -> 
  custom:SearchIndexIgnoredProperties: e643bd26f0fe6173181afceb89e7c659 -> 
  custom:AudioImporter_EditorPlatform: d09bf68614088b80899f8185d706f6e7 -> 
  custom:video-encoder-webm-vp8: eb34c28f22e8b96e1ab97ce403110664 -> 
  custom:audio-decoder-ogg-vorbis: bf7c407c2cedff20999df2af8eb42d56 -> 
  custom:audio-encoder-webm-vorbis: bf7c407c2cedff20999df2af8eb42d56 -> 
========================================================================
Received Prepare
Refreshing native plugins compatible for Editor in 2.27 ms, found 4 plugins.
Preloading 0 native plugins for Editor in 0.00 ms.
Unloading 7 Unused Serialized files (Serialized files now loaded: 0)
Unloading 7 unused Assets / (198.4 KB). Loaded Objects now: 4459.
Memory consumption went from 73.9 MB to 73.7 MB.
Total: 3.324100 ms (FindLiveObjects: 0.344800 ms CreateObjectMapping: 0.106800 ms MarkObjects: 2.734300 ms  DeleteObjects: 0.137200 ms)

Prepare: number of updated asset objects reloaded= 0
AssetImportParameters requested are different than current active one (requested -> active):
  custom:container-demuxer-ogg: 62fdf1f143b41e24485cea50d1cbac27 -> 
  custom:video-decoder-ogg-theora: a1e56fd34408186e4bbccfd4996cb3dc -> 
  custom:framework-win-MediaFoundation: 216162199b28c13a410421893ffa2e32 -> 
  custom:CustomObjectIndexerAttribute: 756ad292c208cfabdd7b50bc23989ffe -> 
  custom:container-demuxer-webm: 4f35f7cbe854078d1ac9338744f61a02 -> 
  custom:container-muxer-webm: aa71ff27fc2769a1b78a27578f13a17b -> 
  custom:video-decoder-webm-vp8: 9c59270c3fd7afecdb556c50c9e8de78 -> 
  custom:SearchIndexIgnoredProperties: e643bd26f0fe6173181afceb89e7c659 -> 
  custom:AudioImporter_EditorPlatform: d09bf68614088b80899f8185d706f6e7 -> 
  custom:video-encoder-webm-vp8: eb34c28f22e8b96e1ab97ce403110664 -> 
  custom:audio-decoder-ogg-vorbis: bf7c407c2cedff20999df2af8eb42d56 -> 
  custom:audio-encoder-webm-vorbis: bf7c407c2cedff20999df2af8eb42d56 -> 
========================================================================
Received Import Request.
  Time since last request: 1086170.840606 seconds.
  path: Assets/Script
  artifactKey: Guid(d9681171075ce6f45b1585f835268991) Importer(815301076,1909f56bfc062723c751e8b465ee728b)
Start importing Assets/Script using Guid(d9681171075ce6f45b1585f835268991) Importer(815301076,1909f56bfc062723c751e8b465ee728b)  -> (artifact id: 'b95650f0c534c76e1e9516f15746457e') in 0.001994 seconds
Number of updated asset objects reloaded before import = 0
Number of asset objects unloaded after import = 0
========================================================================
Received Import Request.
  Time since last request: 20.487636 seconds.
  path: Assets
  artifactKey: Guid(00000000000000001000000000000000) Importer(815301076,1909f56bfc062723c751e8b465ee728b)
Start importing Assets using Guid(00000000000000001000000000000000) Importer(815301076,1909f56bfc062723c751e8b465ee728b)  -> (artifact id: '8a4fe85251aa2e89732c359432baa2c3') in 0.000481 seconds
Number of updated asset objects reloaded before import = 0
Number of asset objects unloaded after import = 0
========================================================================
Received Import Request.
  Time since last request: 4.060370 seconds.
  path: Assets/Font
  artifactKey: Guid(6ee3f57b39c276545abcd40c61ccf6bd) Importer(815301076,1909f56bfc062723c751e8b465ee728b)
Start importing Assets/Font using Guid(6ee3f57b39c276545abcd40c61ccf6bd) Importer(815301076,1909f56bfc062723c751e8b465ee728b)  -> (artifact id: '4fc1aa40f012f3f85632b6d4098bca48') in 0.000633 seconds
Number of updated asset objects reloaded before import = 0
Number of asset objects unloaded after import = 0
========================================================================
Received Import Request.
  Time since last request: 30.161748 seconds.
  path: Assets/Scripts
  artifactKey: Guid(d9681171075ce6f45b1585f835268991) Importer(815301076,1909f56bfc062723c751e8b465ee728b)
Start importing Assets/Scripts using Guid(d9681171075ce6f45b1585f835268991) Importer(815301076,1909f56bfc062723c751e8b465ee728b)  -> (artifact id: 'ddcbdc101d0d4c965ccbf504ed755645') in 0.000384 seconds
Number of updated asset objects reloaded before import = 0
Number of asset objects unloaded after import = 0
========================================================================
Received Import Request.
  Time since last request: 12.790412 seconds.
  path: Assets/Tiles
  artifactKey: Guid(e59eb694d67eaa540bc310ca40a290c8) Importer(815301076,1909f56bfc062723c751e8b465ee728b)
Start importing Assets/Tiles using Guid(e59eb694d67eaa540bc310ca40a290c8) Importer(815301076,1909f56bfc062723c751e8b465ee728b)  -> (artifact id: '406fc99ecb19020510e78a3dd772287f') in 0.000613 seconds
Number of updated asset objects reloaded before import = 0
Number of asset objects unloaded after import = 0
========================================================================
Received Import Request.
  Time since last request: 33.597759 seconds.
  path: Assets/Sprites
  artifactKey: Guid(b0b399d1d0d6f544b939aba8f70aadbe) Importer(815301076,1909f56bfc062723c751e8b465ee728b)
Start importing Assets/Sprites using Guid(b0b399d1d0d6f544b939aba8f70aadbe) Importer(815301076,1909f56bfc062723c751e8b465ee728b)  -> (artifact id: '643b7113bdcb1fac8fa6f258e670df37') in 0.000547 seconds
Number of updated asset objects reloaded before import = 0
Number of asset objects unloaded after import = 0
========================================================================
Received Import Request.
  Time since last request: 58.136823 seconds.
  path: Assets/Font/SAOUI-Regular.otf
  artifactKey: Guid(4be948e45a5133344ad9ed0a66d73f38) Importer(815301076,1909f56bfc062723c751e8b465ee728b)
Start importing Assets/Font/SAOUI-Regular.otf using Guid(4be948e45a5133344ad9ed0a66d73f38) Importer(815301076,1909f56bfc062723c751e8b465ee728b)  -> (artifact id: '92919038b21d710ea5b83c8423d941ad') in 0.094900 seconds
Number of updated asset objects reloaded before import = 0
Number of asset objects unloaded after import = 4
========================================================================
Received Import Request.
  Time since last request: 116.375735 seconds.
  path: Assets/Sprites/Blocks
  artifactKey: Guid(9818ca65437c40844890669665ef8d53) Importer(815301076,1909f56bfc062723c751e8b465ee728b)
Start importing Assets/Sprites/Blocks using Guid(9818ca65437c40844890669665ef8d53) Importer(815301076,1909f56bfc062723c751e8b465ee728b)  -> (artifact id: '70cee5340ca566cf3dbd87dc52761edf') in 0.000696 seconds
Number of updated asset objects reloaded before import = 0
Number of asset objects unloaded after import = 0
========================================================================
Received Import Request.
  Time since last request: 5.197641 seconds.
  path: Assets/Sprites/Blocks/Grass.png
  artifactKey: Guid(53a7960ad84f13e46b5b74e80e84ae45) Importer(815301076,1909f56bfc062723c751e8b465ee728b)
Start importing Assets/Sprites/Blocks/Grass.png using Guid(53a7960ad84f13e46b5b74e80e84ae45) Importer(815301076,1909f56bfc062723c751e8b465ee728b)  -> (artifact id: '795c8bf366dcd9472e63fdb1278acf62') in 0.019138 seconds
Number of updated asset objects reloaded before import = 0
Number of asset objects unloaded after import = 3
========================================================================
Received Import Request.
  Time since last request: 193.531387 seconds.
  path: Assets/Tiles/New Palette.prefab
  artifactKey: Guid(18c4878a3564bdd4c8dd14c06370874b) Importer(815301076,1909f56bfc062723c751e8b465ee728b)
Start importing Assets/Tiles/New Palette.prefab using Guid(18c4878a3564bdd4c8dd14c06370874b) Importer(815301076,1909f56bfc062723c751e8b465ee728b)  -> (artifact id: '52c9604e481698551f668112cf65c922') in 0.043877 seconds
Number of updated asset objects reloaded before import = 0
Number of asset objects unloaded after import = 10
========================================================================
Received Import Request.
  Time since last request: 116.884105 seconds.
  path: Assets/Tiles/Grass.asset
  artifactKey: Guid(20d800b149d166a4e8984fbc0bb2a028) Importer(815301076,1909f56bfc062723c751e8b465ee728b)
Start importing Assets/Tiles/Grass.asset using Guid(20d800b149d166a4e8984fbc0bb2a028) Importer(815301076,1909f56bfc062723c751e8b465ee728b)  -> (artifact id: 'd54d21a42914427fc615304bd9839b9d') in 0.007200 seconds
Number of updated asset objects reloaded before import = 0
Number of asset objects unloaded after import = 3
========================================================================
Received Import Request.
  Time since last request: 0.000026 seconds.
  path: Assets/Tiles/New Palette.prefab
  artifactKey: Guid(18c4878a3564bdd4c8dd14c06370874b) Importer(815301076,1909f56bfc062723c751e8b465ee728b)
Start importing Assets/Tiles/New Palette.prefab using Guid(18c4878a3564bdd4c8dd14c06370874b) Importer(815301076,1909f56bfc062723c751e8b465ee728b)  -> (artifact id: 'efb6d3f8081317e396f27d8cc6e8846e') in 0.013606 seconds
Number of updated asset objects reloaded before import = 0
Number of asset objects unloaded after import = 13
========================================================================
Received Import Request.
  Time since last request: 24.375104 seconds.
  path: Assets/Tiles/Blocks
  artifactKey: Guid(0132c504b14b83a4399991b2ab855be7) Importer(815301076,1909f56bfc062723c751e8b465ee728b)
Start importing Assets/Tiles/Blocks using Guid(0132c504b14b83a4399991b2ab855be7) Importer(815301076,1909f56bfc062723c751e8b465ee728b)  -> (artifact id: '5a25e1ba2c5f3cbe931da5be36d574c2') in 0.000630 seconds
Number of updated asset objects reloaded before import = 0
Number of asset objects unloaded after import = 0
========================================================================
Received Import Request.
  Time since last request: 182.296927 seconds.
  path: Assets/Tiles/New Palette 1.prefab
  artifactKey: Guid(72a8dc9f59f719d42a56a371fffcf0b1) Importer(815301076,1909f56bfc062723c751e8b465ee728b)
Start importing Assets/Tiles/New Palette 1.prefab using Guid(72a8dc9f59f719d42a56a371fffcf0b1) Importer(815301076,1909f56bfc062723c751e8b465ee728b)  -> (artifact id: '80798793807ea5238d4c27df7b5d77e1') in 0.008125 seconds
Number of updated asset objects reloaded before import = 0
Number of asset objects unloaded after import = 10
========================================================================
Received Import Request.
  Time since last request: 97.348548 seconds.
  path: Assets/Sprites/Blocks/New Palette.prefab
  artifactKey: Guid(bcdbe3373c1d27d4f8ae836e3f4fd513) Importer(815301076,1909f56bfc062723c751e8b465ee728b)
Start importing Assets/Sprites/Blocks/New Palette.prefab using Guid(bcdbe3373c1d27d4f8ae836e3f4fd513) Importer(815301076,1909f56bfc062723c751e8b465ee728b)  -> (artifact id: '6dba5281afbd020fd1469d02778fdce1') in 0.005005 seconds
Number of updated asset objects reloaded before import = 0
Number of asset objects unloaded after import = 10
========================================================================
Received Import Request.
  Time since last request: 16.753608 seconds.
  path: Assets/Tiles/Grass.asset
  artifactKey: Guid(3145d4b23d65ed548a8547e157e99dde) Importer(815301076,1909f56bfc062723c751e8b465ee728b)
Start importing Assets/Tiles/Grass.asset using Guid(3145d4b23d65ed548a8547e157e99dde) Importer(815301076,1909f56bfc062723c751e8b465ee728b)  -> (artifact id: 'f8147a2f549313a8a080f5f25182feac') in 0.006929 seconds
Number of updated asset objects reloaded before import = 0
Number of asset objects unloaded after import = 3
========================================================================
Received Import Request.
  Time since last request: 58.104705 seconds.
  path: Assets/Tiles/New Palette.prefab
  artifactKey: Guid(18c4878a3564bdd4c8dd14c06370874b) Importer(815301076,1909f56bfc062723c751e8b465ee728b)
Start importing Assets/Tiles/New Palette.prefab using Guid(18c4878a3564bdd4c8dd14c06370874b) Importer(815301076,1909f56bfc062723c751e8b465ee728b)  -> (artifact id: 'cc9ced6c145d2357435d6787646007bf') in 0.006053 seconds
Number of updated asset objects reloaded before import = 0
Number of asset objects unloaded after import = 10
========================================================================
Received Import Request.
  Time since last request: 639.897339 seconds.
  path: Assets/Tiles/New Palette.prefab
  artifactKey: Guid(18c4878a3564bdd4c8dd14c06370874b) Importer(815301076,1909f56bfc062723c751e8b465ee728b)
Start importing Assets/Tiles/New Palette.prefab using Guid(18c4878a3564bdd4c8dd14c06370874b) Importer(815301076,1909f56bfc062723c751e8b465ee728b)  -> (artifact id: 'd51357b6f338f939a0fbfb3127e02c79') in 0.009989 seconds
Number of updated asset objects reloaded before import = 0
Number of asset objects unloaded after import = 13
========================================================================
Received Import Request.
  Time since last request: 92.188608 seconds.
  path: Assets/Tiles/Ground Palette.prefab
  artifactKey: Guid(e620b794b6e2eef449a988fcd9e77e9f) Importer(815301076,1909f56bfc062723c751e8b465ee728b)
Start importing Assets/Tiles/Ground Palette.prefab using Guid(e620b794b6e2eef449a988fcd9e77e9f) Importer(815301076,1909f56bfc062723c751e8b465ee728b)  -> (artifact id: '02d66c0425b189114c173687e5742a16') in 0.006489 seconds
Number of updated asset objects reloaded before import = 0
Number of asset objects unloaded after import = 10
========================================================================
Received Import Request.
  Time since last request: 27.692366 seconds.
  path: Assets/Tiles/Ground Palette.prefab
  artifactKey: Guid(e620b794b6e2eef449a988fcd9e77e9f) Importer(815301076,1909f56bfc062723c751e8b465ee728b)
Start importing Assets/Tiles/Ground Palette.prefab using Guid(e620b794b6e2eef449a988fcd9e77e9f) Importer(815301076,1909f56bfc062723c751e8b465ee728b)  -> (artifact id: '9c53ce6747ef5caa45c83123d58186ff') in 0.008409 seconds
Number of updated asset objects reloaded before import = 0
Number of asset objects unloaded after import = 13
========================================================================
Received Import Request.
  Time since last request: 216.266879 seconds.
  path: Assets/Tiles/Ground Palette.prefab
  artifactKey: Guid(e620b794b6e2eef449a988fcd9e77e9f) Importer(815301076,1909f56bfc062723c751e8b465ee728b)
Start importing Assets/Tiles/Ground Palette.prefab using Guid(e620b794b6e2eef449a988fcd9e77e9f) Importer(815301076,1909f56bfc062723c751e8b465ee728b)  -> (artifact id: '640c32104c596d7eb754b47154d6ab97') in 0.006938 seconds
Number of updated asset objects reloaded before import = 0
Number of asset objects unloaded after import = 14
========================================================================
Received Import Request.
  Time since last request: 0.349583 seconds.
  path: Assets/Tiles/Blocks/Grass2.asset
  artifactKey: Guid(6161767639663c14e93e406cc78dd85e) Importer(815301076,1909f56bfc062723c751e8b465ee728b)
Start importing Assets/Tiles/Blocks/Grass2.asset using Guid(6161767639663c14e93e406cc78dd85e) Importer(815301076,1909f56bfc062723c751e8b465ee728b)  -> (artifact id: 'fa16f71c29dcc7e58b6f095ed0e8a532') in 0.004948 seconds
Number of updated asset objects reloaded before import = 0
Number of asset objects unloaded after import = 3
========================================================================
Received Import Request.
  Time since last request: 9.212614 seconds.
  path: Assets/Tiles/Ground Palette.prefab
  artifactKey: Guid(e620b794b6e2eef449a988fcd9e77e9f) Importer(815301076,1909f56bfc062723c751e8b465ee728b)
Start importing Assets/Tiles/Ground Palette.prefab using Guid(e620b794b6e2eef449a988fcd9e77e9f) Importer(815301076,1909f56bfc062723c751e8b465ee728b)  -> (artifact id: 'f77be9c191429df2fc890ab74970fc1d') in 0.010601 seconds
Number of updated asset objects reloaded before import = 0
Number of asset objects unloaded after import = 12
========================================================================
Received Import Request.
  Time since last request: 35.014241 seconds.
  path: Assets/Sprites/Blocks/Grass.png
  artifactKey: Guid(53a7960ad84f13e46b5b74e80e84ae45) Importer(815301076,1909f56bfc062723c751e8b465ee728b)
Start importing Assets/Sprites/Blocks/Grass.png using Guid(53a7960ad84f13e46b5b74e80e84ae45) Importer(815301076,1909f56bfc062723c751e8b465ee728b)  -> (artifact id: '9029a9853c77b64c9db91bf240bc729b') in 0.010413 seconds
Number of updated asset objects reloaded before import = 0
Number of asset objects unloaded after import = 3
========================================================================
Received Import Request.
  Time since last request: 40.950823 seconds.
  path: Assets/Tiles/Ground Palette.prefab
  artifactKey: Guid(e620b794b6e2eef449a988fcd9e77e9f) Importer(815301076,1909f56bfc062723c751e8b465ee728b)
Start importing Assets/Tiles/Ground Palette.prefab using Guid(e620b794b6e2eef449a988fcd9e77e9f) Importer(815301076,1909f56bfc062723c751e8b465ee728b)  -> (artifact id: 'cd49c476c17c21040ced0ddf861be250') in 0.007397 seconds
Number of updated asset objects reloaded before import = 0
Number of asset objects unloaded after import = 10
========================================================================
Received Import Request.
  Time since last request: 25.922797 seconds.
  path: Assets/Tiles/Tile Assets
  artifactKey: Guid(0132c504b14b83a4399991b2ab855be7) Importer(815301076,1909f56bfc062723c751e8b465ee728b)
Start importing Assets/Tiles/Tile Assets using Guid(0132c504b14b83a4399991b2ab855be7) Importer(815301076,1909f56bfc062723c751e8b465ee728b)  -> (artifact id: '1777be02696ef578acd890ad1d4e199b') in 0.000377 seconds
Number of updated asset objects reloaded before import = 0
Number of asset objects unloaded after import = 0
========================================================================
Received Import Request.
  Time since last request: 238.307553 seconds.
  path: Assets/Tiles/Ground Palette.prefab
  artifactKey: Guid(e620b794b6e2eef449a988fcd9e77e9f) Importer(815301076,1909f56bfc062723c751e8b465ee728b)
Start importing Assets/Tiles/Ground Palette.prefab using Guid(e620b794b6e2eef449a988fcd9e77e9f) Importer(815301076,1909f56bfc062723c751e8b465ee728b)  -> (artifact id: 'a71cee586644c6384eacb1cdb37dc9a4') in 0.006579 seconds
Number of updated asset objects reloaded before import = 0
Number of asset objects unloaded after import = 13
========================================================================
Received Import Request.
  Time since last request: 20.452879 seconds.
  path: Assets/Tiles/Tile Assets/Grass.asset
  artifactKey: Guid(a117fd4d785cf0b4881b0b6dcf4988da) Importer(815301076,1909f56bfc062723c751e8b465ee728b)
Start importing Assets/Tiles/Tile Assets/Grass.asset using Guid(a117fd4d785cf0b4881b0b6dcf4988da) Importer(815301076,1909f56bfc062723c751e8b465ee728b)  -> (artifact id: '393f0da102cc1be6e511a6975ca80c7e') in 0.005279 seconds
Number of updated asset objects reloaded before import = 0
Number of asset objects unloaded after import = 3
========================================================================
Received Import Request.
  Time since last request: 35.844591 seconds.
  path: Assets/Sprites/Blocks/Grass.png
  artifactKey: Guid(53a7960ad84f13e46b5b74e80e84ae45) Importer(815301076,1909f56bfc062723c751e8b465ee728b)
Start importing Assets/Sprites/Blocks/Grass.png using Guid(53a7960ad84f13e46b5b74e80e84ae45) Importer(815301076,1909f56bfc062723c751e8b465ee728b)  -> (artifact id: '02aafbd60a2fec4e3090882438e48cb1') in 0.014234 seconds
Number of updated asset objects reloaded before import = 0
Number of asset objects unloaded after import = 3
========================================================================
Received Import Request.
  Time since last request: 24.843903 seconds.
  path: Assets/Sprites/Blocks/Grass.png
  artifactKey: Guid(53a7960ad84f13e46b5b74e80e84ae45) Importer(815301076,1909f56bfc062723c751e8b465ee728b)
Start importing Assets/Sprites/Blocks/Grass.png using Guid(53a7960ad84f13e46b5b74e80e84ae45) Importer(815301076,1909f56bfc062723c751e8b465ee728b)  -> (artifact id: '6e4c64e54e8ca57fd5e24d2a8eb6a911') in 0.009793 seconds
Number of updated asset objects reloaded before import = 0
Number of asset objects unloaded after import = 3
========================================================================
Received Import Request.
  Time since last request: 34.440585 seconds.
  path: Assets/Tiles/Ground Palette.prefab
  artifactKey: Guid(e620b794b6e2eef449a988fcd9e77e9f) Importer(815301076,1909f56bfc062723c751e8b465ee728b)
Start importing Assets/Tiles/Ground Palette.prefab using Guid(e620b794b6e2eef449a988fcd9e77e9f) Importer(815301076,1909f56bfc062723c751e8b465ee728b)  -> (artifact id: '6c0a07b0cc0f620d819303306464b7f9') in 0.006167 seconds
Number of updated asset objects reloaded before import = 0
Number of asset objects unloaded after import = 10
========================================================================
Received Import Request.
  Time since last request: 588.825344 seconds.
  path: Assets/Sprites/Blocks/Dirt.png
  artifactKey: Guid(6a0751ad0412a1b4ab802e79aaaf9384) Importer(815301076,1909f56bfc062723c751e8b465ee728b)
Start importing Assets/Sprites/Blocks/Dirt.png using Guid(6a0751ad0412a1b4ab802e79aaaf9384) Importer(815301076,1909f56bfc062723c751e8b465ee728b)  -> (artifact id: 'ef217ad20178717f3f29904c44163705') in 0.016739 seconds
Number of updated asset objects reloaded before import = 0
Number of asset objects unloaded after import = 3
========================================================================
Received Import Request.
  Time since last request: 12.123800 seconds.
  path: Assets/Sprites/Blocks/Dirt.png
  artifactKey: Guid(6a0751ad0412a1b4ab802e79aaaf9384) Importer(815301076,1909f56bfc062723c751e8b465ee728b)
Start importing Assets/Sprites/Blocks/Dirt.png using Guid(6a0751ad0412a1b4ab802e79aaaf9384) Importer(815301076,1909f56bfc062723c751e8b465ee728b)  -> (artifact id: '87be014e9020d8fb6c5e0634d673533d') in 0.010054 seconds
Number of updated asset objects reloaded before import = 0
Number of asset objects unloaded after import = 3
========================================================================
Received Import Request.
  Time since last request: 65.650081 seconds.
  path: Assets/Tiles/Ground Palette.prefab
  artifactKey: Guid(e620b794b6e2eef449a988fcd9e77e9f) Importer(815301076,1909f56bfc062723c751e8b465ee728b)
Start importing Assets/Tiles/Ground Palette.prefab using Guid(e620b794b6e2eef449a988fcd9e77e9f) Importer(815301076,1909f56bfc062723c751e8b465ee728b)  -> (artifact id: 'b1eb4f1e1e00bab35a500bb6b3f932ec') in 0.007056 seconds
Number of updated asset objects reloaded before import = 0
Number of asset objects unloaded after import = 16
========================================================================
Received Import Request.
  Time since last request: 1.723317 seconds.
  path: Assets/Tiles/Tile Assets/Dirt.asset
  artifactKey: Guid(bd3e9659f4074d842a2bfd5278ab727c) Importer(815301076,1909f56bfc062723c751e8b465ee728b)
Start importing Assets/Tiles/Tile Assets/Dirt.asset using Guid(bd3e9659f4074d842a2bfd5278ab727c) Importer(815301076,1909f56bfc062723c751e8b465ee728b)  -> (artifact id: '6fa1987b490d3723700605259c01e979') in 0.004839 seconds
Number of updated asset objects reloaded before import = 0
Number of asset objects unloaded after import = 3
========================================================================
Received Import Request.
  Time since last request: 1071.998336 seconds.
  path: Assets/Sprites/Blocks/Dirt.png
  artifactKey: Guid(6a0751ad0412a1b4ab802e79aaaf9384) Importer(815301076,1909f56bfc062723c751e8b465ee728b)
Start importing Assets/Sprites/Blocks/Dirt.png using Guid(6a0751ad0412a1b4ab802e79aaaf9384) Importer(815301076,1909f56bfc062723c751e8b465ee728b)  -> (artifact id: 'cc543d52c8cc7a7905ecf9e0ebcebb60') in 0.016064 seconds
Number of updated asset objects reloaded before import = 0
Number of asset objects unloaded after import = 3
========================================================================
Received Import Request.
  Time since last request: 12.468107 seconds.
  path: Assets/Sprites/Blocks/Grass.png
  artifactKey: Guid(53a7960ad84f13e46b5b74e80e84ae45) Importer(815301076,1909f56bfc062723c751e8b465ee728b)
Start importing Assets/Sprites/Blocks/Grass.png using Guid(53a7960ad84f13e46b5b74e80e84ae45) Importer(815301076,1909f56bfc062723c751e8b465ee728b)  -> (artifact id: 'abdb70749e271c5b7fd7e152364b40e4') in 0.010678 seconds
Number of updated asset objects reloaded before import = 0
Number of asset objects unloaded after import = 3
========================================================================
Received Import Request.
  Time since last request: 44.553804 seconds.
  path: Assets/Tiles/Tile Assets/Dirt.asset
  artifactKey: Guid(bd3e9659f4074d842a2bfd5278ab727c) Importer(815301076,1909f56bfc062723c751e8b465ee728b)
Start importing Assets/Tiles/Tile Assets/Dirt.asset using Guid(bd3e9659f4074d842a2bfd5278ab727c) Importer(815301076,1909f56bfc062723c751e8b465ee728b)  -> (artifact id: '46396d21edd2d7251188efb54847d253') in 0.004807 seconds
Number of updated asset objects reloaded before import = 0
Number of asset objects unloaded after import = 3
========================================================================
Received Import Request.
  Time since last request: 0.000014 seconds.
  path: Assets/Tiles/Tile Assets/Grass.asset
  artifactKey: Guid(a117fd4d785cf0b4881b0b6dcf4988da) Importer(815301076,1909f56bfc062723c751e8b465ee728b)
Start importing Assets/Tiles/Tile Assets/Grass.asset using Guid(a117fd4d785cf0b4881b0b6dcf4988da) Importer(815301076,1909f56bfc062723c751e8b465ee728b)  -> (artifact id: '395053166879a6b46288ecc3ba4b39b9') in 0.005367 seconds
Number of updated asset objects reloaded before import = 0
Number of asset objects unloaded after import = 3
========================================================================
Received Import Request.
  Time since last request: 114.622381 seconds.
  path: Assets/Tiles/Ground Palette.prefab
  artifactKey: Guid(e620b794b6e2eef449a988fcd9e77e9f) Importer(815301076,1909f56bfc062723c751e8b465ee728b)
Start importing Assets/Tiles/Ground Palette.prefab using Guid(e620b794b6e2eef449a988fcd9e77e9f) Importer(815301076,1909f56bfc062723c751e8b465ee728b)  -> (artifact id: '04b233f72782ff2c3a91814815e62ca5') in 0.009434 seconds
Number of updated asset objects reloaded before import = 0
Number of asset objects unloaded after import = 16
========================================================================
Received Import Request.
  Time since last request: 9.055627 seconds.
  path: Assets/Tiles/Ground Palette.prefab
  artifactKey: Guid(e620b794b6e2eef449a988fcd9e77e9f) Importer(815301076,1909f56bfc062723c751e8b465ee728b)
Start importing Assets/Tiles/Ground Palette.prefab using Guid(e620b794b6e2eef449a988fcd9e77e9f) Importer(815301076,1909f56bfc062723c751e8b465ee728b)  -> (artifact id: 'bce068ba12682965e6cb2fa058edd7b0') in 0.001924 seconds
Number of updated asset objects reloaded before import = 0
Number of asset objects unloaded after import = 6
